<?xml version="1.0" encoding="UTF-8"?>
<!-- Generated by org.testng.reporters.JUnitXMLReporter -->
<testsuite ignored="0" hostname="Jays-MacBook-Pro.local" failures="0" tests="1" name="Test1" time="0.057" errors="0" timestamp="2023-04-02T17:51:46 GST">
  <testcase classname="week6.day2.EditLead" name="@BeforeTest setup" time="0.007">
    <failure type="java.lang.Error" message="Unresolved compilation problem: 
	excelFile cannot be resolved to a variable
">
      <![CDATA[java.lang.Error: Unresolved compilation problem: 
excelFile cannot be resolved to a variable

at week6.day2.EditLead.setup(EditLead.java:13)
... Removed 22 stack frames]]>
    </failure>
  </testcase> <!-- @BeforeTest setup -->
  <testcase classname="week6.day2.ProjectBase" name="@BeforeMethod preCondition" time="-1.680443506098E9">
    <skipped/>
  </testcase> <!-- @BeforeMethod preCondition -->
  <testcase classname="week6.day2.ProjectBase" name="@AfterMethod postCondition" time="-1.680443506105E9">
    <skipped/>
  </testcase> <!-- @AfterMethod postCondition -->
  <testcase classname="week6.day2.EditLead" name="editLead" time="0.0">
    <skipped/>
  </testcase> <!-- editLead -->
</testsuite> <!-- Test1 -->
